#
# An unexpected error has been detected by HotSpot Virtual Machine:
#
#  EXCEPTION_ACCESS_VIOLATION (0xc0000005) at pc=0x7753fd09, pid=3236, tid=3256
#
# Java VM: Java HotSpot(TM) Client VM (1.5.0_14-b03 mixed mode, sharing)
# Problematic frame:
# C  [ole32.dll+0x5fd09]
#

---------------  T H R E A D  ---------------

Current thread (0x02fdce40):  JavaThread "AWT-EventQueue-0" [_thread_in_native, id=3256]

siginfo: ExceptionCode=0xc0000005, writing address 0x00000028

Registers:
EAX=0x032eeee8, EBX=0x0009c3d4, ECX=0x00000000, EDX=0x77605668
ESP=0x032eeeb8, EBP=0x032eeec0, ESI=0x032eeee8, EDI=0x00000028
EIP=0x7753fd09, EFLAGS=0x00010246

Top of Stack: (sp=0x032eeeb8)
0x032eeeb8:   0009c3c0 00090c40 032eeefc 7753facd
0x032eeec8:   032eeee8 02eef54c 0009c3c0 00000000
0x032eeed8:   00000000 000e17d8 00090c40 00000000
0x032eeee8:   0000c400 00000ca4 c7c11b9f dad0eb5b
0x032eeef8:   0000a37a 032eef18 7753f92e 02c0bfd0
0x032eef08:   00000000 775ff0ae 02c0bfd0 0009c3c0
0x032eef18:   032eef38 7750b8b7 02c0bfd0 00000000
0x032eef28:   6d160311 03036e48 02c0bfd0 02c0bfd0 

Instructions: (pc=0x7753fd09)
0x7753fcf9:   90 90 90 8b ff 55 8b ec 56 8b 75 08 57 8d 79 28
0x7753fd09:   a5 a5 a5 a5 5f 5e 5d c2 04 00 90 90 90 90 90 8b 


Stack: [0x032b0000,0x032f0000),  sp=0x032eeeb8,  free space=251k
Native frames: (J=compiled Java code, j=interpreted, Vv=VM code, C=native code)
C  [ole32.dll+0x5fd09]
C  [ole32.dll+0x5facd]
C  [ole32.dll+0x5f92e]
C  [ole32.dll+0x2b8b7]

Java frames: (J=compiled Java code, j=interpreted, Vv=VM code)
j  sun.awt.windows.WComponentPeer.addNativeDropTarget()J+0
j  sun.awt.windows.WComponentPeer.addDropTarget(Ljava/awt/dnd/DropTarget;)V+9
j  java.awt.dnd.DropTarget.addNotify(Ljava/awt/peer/ComponentPeer;)V+60
j  java.awt.Component.addNotify()V+297
j  java.awt.Container.addNotify()V+8
j  javax.swing.JComponent.addNotify()V+1
j  java.awt.Container.addNotify()V+56
j  javax.swing.JComponent.addNotify()V+1
j  java.awt.Container.addNotify()V+56
j  javax.swing.JComponent.addNotify()V+1
j  java.awt.Container.addNotify()V+56
j  javax.swing.JComponent.addNotify()V+1
j  java.awt.Container.addNotify()V+56
j  javax.swing.JComponent.addNotify()V+1
j  java.awt.Container.addNotify()V+56
j  javax.swing.JComponent.addNotify()V+1
j  javax.swing.JRootPane.addNotify()V+5
j  java.awt.Container.addNotify()V+56
j  java.awt.Window.addNotify()V+47
j  java.awt.Dialog.addNotify()V+51
j  java.awt.Window.pack()V+28
j  com.daffodil.documentumie.iebusiness.IEMessageUtility.showDialog(Ljava/lang/String;II)V+181
j  com.daffodil.documentumie.iebusiness.IEMessageUtility.showConfirmationMessageDialog(Ljava/lang/String;)I+36
j  com.daffodil.documentumie.iebusiness.IEMainAbstractUIControl.promptUserStopImport()I+7
j  com.daffodil.documentumie.iebusiness.pimport.controller.ImportController.performStopAction()V+12
j  com.daffodil.documentumie.iebusiness.pimport.controller.ImportController.access$0(Lcom/daffodil/documentumie/iebusiness/pimport/controller/ImportController;)V+1
j  com.daffodil.documentumie.iebusiness.pimport.controller.ImportController$UIControlActionListener.actionPerformed(Ljava/awt/event/ActionEvent;)V+16
j  javax.swing.AbstractButton.fireActionPerformed(Ljava/awt/event/ActionEvent;)V+84
j  javax.swing.AbstractButton$Handler.actionPerformed(Ljava/awt/event/ActionEvent;)V+5
j  javax.swing.DefaultButtonModel.fireActionPerformed(Ljava/awt/event/ActionEvent;)V+35
j  javax.swing.DefaultButtonModel.setPressed(Z)V+117
j  javax.swing.plaf.basic.BasicButtonListener.mouseReleased(Ljava/awt/event/MouseEvent;)V+35
j  java.awt.Component.processMouseEvent(Ljava/awt/event/MouseEvent;)V+64
j  javax.swing.JComponent.processMouseEvent(Ljava/awt/event/MouseEvent;)V+23
j  java.awt.Component.processEvent(Ljava/awt/AWTEvent;)V+81
j  java.awt.Container.processEvent(Ljava/awt/AWTEvent;)V+18
j  java.awt.Component.dispatchEventImpl(Ljava/awt/AWTEvent;)V+517
j  java.awt.Container.dispatchEventImpl(Ljava/awt/AWTEvent;)V+42
J  java.awt.LightweightDispatcher.retargetMouseEvent(Ljava/awt/Component;ILjava/awt/event/MouseEvent;)V
v  ~RuntimeStub::alignment_frame_return Runtime1 stub
j  java.awt.LightweightDispatcher.processMouseEvent(Ljava/awt/event/MouseEvent;)Z+139
j  java.awt.LightweightDispatcher.dispatchEvent(Ljava/awt/AWTEvent;)Z+50
j  java.awt.Container.dispatchEventImpl(Ljava/awt/AWTEvent;)V+12
j  java.awt.Window.dispatchEventImpl(Ljava/awt/AWTEvent;)V+19
j  java.awt.Component.dispatchEvent(Ljava/awt/AWTEvent;)V+2
j  java.awt.EventQueue.dispatchEvent(Ljava/awt/AWTEvent;)V+46
J  java.awt.EventDispatchThread.pumpOneEventForHierarchy(ILjava/awt/Component;)Z
v  ~RuntimeStub::alignment_frame_return Runtime1 stub
j  java.awt.EventDispatchThread.pumpEventsForHierarchy(ILjava/awt/Conditional;Ljava/awt/Component;)V+26
j  java.awt.EventDispatchThread.pumpEvents(ILjava/awt/Conditional;)V+4
j  java.awt.EventDispatchThread.pumpEvents(Ljava/awt/Conditional;)V+3
j  java.awt.EventDispatchThread.run()V+9
v  ~StubRoutines::call_stub

---------------  P R O C E S S  ---------------

Java Threads: ( => current thread )
  0x02e99e18 JavaThread "Image Fetcher 0" daemon [_thread_blocked, id=3076]
  0x02be4c48 JavaThread "Thread-10" [_thread_blocked, id=1360]
  0x02be67f0 JavaThread "Image Animator 3" daemon [_thread_in_native, id=3412]
  0x02fe0bb8 JavaThread "Timer-3" daemon [_thread_blocked, id=3788]
  0x030faa28 JavaThread "Timer-1" daemon [_thread_blocked, id=980]
  0x030f0e68 JavaThread "Timer-0" daemon [_thread_blocked, id=3348]
  0x030625e8 JavaThread "Resource Housekeeper" daemon [_thread_blocked, id=3272]
  0x03006910 JavaThread "Thread-2" daemon [_thread_blocked, id=1908]
  0x02f99d98 JavaThread "TimerQueue" daemon [_thread_blocked, id=1116]
  0x02fde2a0 JavaThread "Java2D Disposer" daemon [_thread_blocked, id=3908]
  0x003672d8 JavaThread "DestroyJavaVM" [_thread_blocked, id=748]
=>0x02fdce40 JavaThread "AWT-EventQueue-0" [_thread_in_native, id=3256]
  0x02ef1d78 JavaThread "AWT-Windows" daemon [_thread_in_native, id=1856]
  0x00a358f0 JavaThread "AWT-Shutdown" [_thread_blocked, id=3980]
  0x009f2d88 JavaThread "Low Memory Detector" daemon [_thread_blocked, id=4076]
  0x009f1968 JavaThread "CompilerThread0" daemon [_thread_blocked, id=2248]
  0x009f0968 JavaThread "Signal Dispatcher" daemon [_thread_blocked, id=1376]
  0x009eb108 JavaThread "Finalizer" daemon [_thread_blocked, id=2712]
  0x009ea538 JavaThread "Reference Handler" daemon [_thread_blocked, id=2448]

Other Threads:
  0x009c7e38 VMThread [id=1348]
  0x009f0808 WatcherThread [id=3780]

VM state:not at safepoint (normal execution)

VM Mutex/Monitor currently owned by a thread: None

Heap
 def new generation   total 1856K, used 1472K [0x22a50000, 0x22c50000, 0x22f30000)
  eden space 1664K,  88% used [0x22a50000, 0x22bc03f0, 0x22bf0000)
  from space 192K,   0% used [0x22c20000, 0x22c20000, 0x22c50000)
  to   space 192K,   0% used [0x22bf0000, 0x22bf0000, 0x22c20000)
 tenured generation   total 23936K, used 13312K [0x22f30000, 0x24690000, 0x26a50000)
   the space 23936K,  55% used [0x22f30000, 0x23c303b8, 0x23c30400, 0x24690000)
 compacting perm gen  total 18688K, used 18684K [0x26a50000, 0x27c90000, 0x2aa50000)
   the space 18688K,  99% used [0x26a50000, 0x27c8f108, 0x27c8f200, 0x27c90000)
    ro space 8192K,  67% used [0x2aa50000, 0x2afb22c8, 0x2afb2400, 0x2b250000)
    rw space 12288K,  47% used [0x2b250000, 0x2b7ff6a0, 0x2b7ff800, 0x2be50000)

Dynamic libraries:
0x00400000 - 0x0040d000 	C:\Program Files\Java\jdk1.5.0_14\bin\javaw.exe
0x7c900000 - 0x7c9b0000 	C:\WINDOWS\system32\ntdll.dll
0x7c800000 - 0x7c8f4000 	C:\WINDOWS\system32\kernel32.dll
0x77dd0000 - 0x77e6b000 	C:\WINDOWS\system32\ADVAPI32.dll
0x77e70000 - 0x77f01000 	C:\WINDOWS\system32\RPCRT4.dll
0x77d40000 - 0x77dd0000 	C:\WINDOWS\system32\USER32.dll
0x77f10000 - 0x77f56000 	C:\WINDOWS\system32\GDI32.dll
0x77c10000 - 0x77c68000 	C:\WINDOWS\system32\MSVCRT.dll
0x10000000 - 0x10005000 	C:\WINDOWS\system32\avgrsstx.dll
0x6d740000 - 0x6d8de000 	C:\Program Files\Java\jdk1.5.0_14\jre\bin\client\jvm.dll
0x76b40000 - 0x76b6d000 	C:\WINDOWS\system32\WINMM.dll
0x6d300000 - 0x6d308000 	C:\Program Files\Java\jdk1.5.0_14\jre\bin\hpi.dll
0x76bf0000 - 0x76bfb000 	C:\WINDOWS\system32\PSAPI.DLL
0x6d710000 - 0x6d71c000 	C:\Program Files\Java\jdk1.5.0_14\jre\bin\verify.dll
0x6d380000 - 0x6d39d000 	C:\Program Files\Java\jdk1.5.0_14\jre\bin\java.dll
0x6d730000 - 0x6d73f000 	C:\Program Files\Java\jdk1.5.0_14\jre\bin\zip.dll
0x6d070000 - 0x6d1dd000 	C:\Program Files\Java\jdk1.5.0_14\jre\bin\awt.dll
0x73000000 - 0x73026000 	C:\WINDOWS\system32\WINSPOOL.DRV
0x76390000 - 0x763ad000 	C:\WINDOWS\system32\IMM32.dll
0x774e0000 - 0x7761c000 	C:\WINDOWS\system32\ole32.dll
0x5ad70000 - 0x5ada8000 	C:\WINDOWS\system32\uxtheme.dll
0x73760000 - 0x737a9000 	C:\WINDOWS\system32\ddraw.dll
0x73bc0000 - 0x73bc6000 	C:\WINDOWS\system32\DCIMAN32.dll
0x6d2b0000 - 0x6d300000 	C:\Program Files\Java\jdk1.5.0_14\jre\bin\fontmanager.dll
0x7c9c0000 - 0x7d1d4000 	C:\WINDOWS\system32\shell32.dll
0x77f60000 - 0x77fd6000 	C:\WINDOWS\system32\SHLWAPI.dll
0x773d0000 - 0x774d2000 	C:\WINDOWS\WinSxS\x86_Microsoft.Windows.Common-Controls_6595b64144ccf1df_6.0.2600.2180_x-ww_a84f1ff9\comctl32.dll
0x5d090000 - 0x5d127000 	C:\WINDOWS\system32\comctl32.dll
0x6d540000 - 0x6d553000 	C:\Program Files\Java\jdk1.5.0_14\jre\bin\net.dll
0x71ab0000 - 0x71ac7000 	C:\WINDOWS\system32\WS2_32.dll
0x71aa0000 - 0x71aa8000 	C:\WINDOWS\system32\WS2HELP.dll
0x6d560000 - 0x6d569000 	C:\Program Files\Java\jdk1.5.0_14\jre\bin\nio.dll
0x6d440000 - 0x6d45f000 	C:\Program Files\Java\jdk1.5.0_14\jre\bin\jpeg.dll
0x71a50000 - 0x71a8f000 	C:\WINDOWS\System32\mswsock.dll
0x76f20000 - 0x76f47000 	C:\WINDOWS\system32\DNSAPI.dll
0x76fb0000 - 0x76fb8000 	C:\WINDOWS\System32\winrnr.dll
0x76f60000 - 0x76f8c000 	C:\WINDOWS\system32\WLDAP32.dll
0x76fc0000 - 0x76fc6000 	C:\WINDOWS\system32\rasadhlp.dll
0x6d530000 - 0x6d538000 	C:\Program Files\Java\jdk1.5.0_14\jre\bin\management.dll
0x662b0000 - 0x66308000 	C:\WINDOWS\system32\hnetcfg.dll
0x71a90000 - 0x71a98000 	C:\WINDOWS\System32\wshtcpip.dll
0x5b860000 - 0x5b8b4000 	C:\WINDOWS\system32\netapi32.dll
0x71b20000 - 0x71b32000 	C:\WINDOWS\system32\MPR.dll
0x75f60000 - 0x75f67000 	C:\WINDOWS\System32\drprov.dll
0x71c10000 - 0x71c1e000 	C:\WINDOWS\System32\ntlanman.dll
0x71cd0000 - 0x71ce7000 	C:\WINDOWS\System32\NETUI0.dll
0x71c90000 - 0x71cd0000 	C:\WINDOWS\System32\NETUI1.dll
0x71c80000 - 0x71c87000 	C:\WINDOWS\System32\NETRAP.dll
0x71bf0000 - 0x71c03000 	C:\WINDOWS\System32\SAMLIB.dll
0x75f70000 - 0x75f79000 	C:\WINDOWS\System32\davclnt.dll
0x77920000 - 0x77a13000 	C:\WINDOWS\system32\SETUPAPI.dll
0x77b40000 - 0x77b62000 	C:\WINDOWS\system32\appHelp.dll
0x76fd0000 - 0x7704f000 	C:\WINDOWS\system32\CLBCATQ.DLL
0x77120000 - 0x771ac000 	C:\WINDOWS\system32\OLEAUT32.dll
0x77050000 - 0x77115000 	C:\WINDOWS\system32\COMRes.dll
0x77c00000 - 0x77c08000 	C:\WINDOWS\system32\VERSION.dll
0x76980000 - 0x76988000 	C:\WINDOWS\system32\LINKINFO.dll
0x76990000 - 0x769b5000 	C:\WINDOWS\system32\ntshrui.dll
0x76b20000 - 0x76b31000 	C:\WINDOWS\system32\ATL.DLL
0x769c0000 - 0x76a73000 	C:\WINDOWS\system32\USERENV.dll
0x6d3f0000 - 0x6d3fd000 	C:\Program Files\Java\jdk1.5.0_14\jre\bin\JdbcOdbc.dll
0x74320000 - 0x7435d000 	C:\WINDOWS\system32\ODBC32.dll
0x763b0000 - 0x763f9000 	C:\WINDOWS\system32\comdlg32.dll
0x20000000 - 0x20017000 	C:\WINDOWS\system32\odbcint.dll
0x5fe80000 - 0x5fe9b000 	C:\WINDOWS\system32\odbccp32.dll
0x77fe0000 - 0x77ff1000 	C:\WINDOWS\system32\Secur32.dll
0x1b800000 - 0x1b83a000 	C:\WINDOWS\system32\msjtes40.dll
0x0f9a0000 - 0x0f9ab000 	C:\WINDOWS\system32\VBAJET32.DLL
0x0f9c0000 - 0x0fa22000 	C:\WINDOWS\system32\expsrv.dll
0x6d230000 - 0x6d253000 	C:\Program Files\Java\jdk1.5.0_14\jre\bin\dcpr.dll
0x08f40000 - 0x09205000 	C:\WINDOWS\system32\xpsp2res.dll

VM Arguments:
java_command: com.daffodil.documentumie.iebusiness.ImportExportStart
Launcher Type: SUN_STANDARD

Environment Variables:
JAVA_HOME=C:\Program Files\Java\jdk1.5.0_14
CLASSPATH=D:\programs\Tomcat 5.5\common\lib\servlet-api.jar
PATH=C:\Program Files\Java\jre1.5.0_14\bin\client;C:\Program Files\Java\jre1.5.0_14\bin;C:\Program Files\Documentum\Shared;C:\WINDOWS\system32;C:\WINDOWS;C:\WINDOWS\System32\Wbem;C:\Program Files\Subversion\bin;C:\Program Files\Common Files\Easysoft\Shared\;C:\Program Files\Java\jdk1.5.0_14\bin
USERNAME=joyti
OS=Windows_NT
PROCESSOR_IDENTIFIER=x86 Family 6 Model 15 Stepping 13, GenuineIntel



---------------  S Y S T E M  ---------------

OS: Windows XP Build 2600 Service Pack 2

CPU:total 2 (cores per cpu 2, threads per core 1) family 6 model 15 stepping 13, cmov, cx8, fxsr, mmx, sse, sse2

Memory: 4k page, physical 2097151k(269600k free), swap 4194303k(3176948k free)

vm_info: Java HotSpot(TM) Client VM (1.5.0_14-b03) for windows-x86, built on Oct  5 2007 01:21:52 by "java_re" with MS VC++ 6.0

